<?xml version="1.0" encoding="UTF-8"?>
<testng-results ignored="0" total="4" passed="3" failed="1" skipped="0">
  <reporter-output>
  </reporter-output>
  <suite started-at="2023-01-04T20:09:08 IST" name="Suite" finished-at="2023-01-04T20:10:08 IST" duration-ms="59856">
    <groups>
    </groups>
    <test started-at="2023-01-04T20:09:08 IST" name="Test" finished-at="2023-01-04T20:10:08 IST" duration-ms="59856">
      <class name="com.sauceDemo.TestPackage.TC02_VerifyAddPrdtFunctionality">
        <test-method is-config="true" signature="openBrowserUrl(java.lang.String)[pri:0, instance:com.sauceDemo.TestPackage.TC02_VerifyAddPrdtFunctionality@49ec71f8]" started-at="2023-01-04T20:09:28 IST" name="openBrowserUrl" finished-at="2023-01-04T20:09:30 IST" duration-ms="1766" status="PASS">
          <params>
            <param index="0">
              <value>
                <![CDATA[chrome]]>
              </value>
            </param>
          </params>
          <reporter-output>
          </reporter-output>
        </test-method> <!-- openBrowserUrl -->
        <test-method signature="addPrdtFunctionality()[pri:0, instance:com.sauceDemo.TestPackage.TC02_VerifyAddPrdtFunctionality@49ec71f8]" started-at="2023-01-04T20:09:30 IST" name="addPrdtFunctionality" finished-at="2023-01-04T20:09:30 IST" duration-ms="288" status="PASS">
          <reporter-output>
          </reporter-output>
        </test-method> <!-- addPrdtFunctionality -->
        <test-method is-config="true" signature="closeBrowser()[pri:0, instance:com.sauceDemo.TestPackage.TC02_VerifyAddPrdtFunctionality@49ec71f8]" started-at="2023-01-04T20:09:30 IST" name="closeBrowser" finished-at="2023-01-04T20:09:30 IST" duration-ms="105" status="PASS">
          <reporter-output>
          </reporter-output>
        </test-method> <!-- closeBrowser -->
      </class> <!-- com.sauceDemo.TestPackage.TC02_VerifyAddPrdtFunctionality -->
      <class name="com.sauceDemo.TestPackage.TC01_VerifyLoginFunctionality">
        <test-method is-config="true" signature="openBrowserUrl(java.lang.String)[pri:0, instance:com.sauceDemo.TestPackage.TC01_VerifyLoginFunctionality@4f18837a]" started-at="2023-01-04T20:09:08 IST" name="openBrowserUrl" finished-at="2023-01-04T20:09:12 IST" duration-ms="3491" status="PASS">
          <params>
            <param index="0">
              <value>
                <![CDATA[chrome]]>
              </value>
            </param>
          </params>
          <reporter-output>
          </reporter-output>
        </test-method> <!-- openBrowserUrl -->
        <test-method signature="loginFunctionality()[pri:0, instance:com.sauceDemo.TestPackage.TC01_VerifyLoginFunctionality@4f18837a]" started-at="2023-01-04T20:09:12 IST" name="loginFunctionality" finished-at="2023-01-04T20:09:12 IST" duration-ms="189" status="PASS">
          <reporter-output>
          </reporter-output>
        </test-method> <!-- loginFunctionality -->
        <test-method is-config="true" signature="closeBrowser()[pri:0, instance:com.sauceDemo.TestPackage.TC01_VerifyLoginFunctionality@4f18837a]" started-at="2023-01-04T20:09:12 IST" name="closeBrowser" finished-at="2023-01-04T20:09:28 IST" duration-ms="16290" status="PASS">
          <reporter-output>
          </reporter-output>
        </test-method> <!-- closeBrowser -->
      </class> <!-- com.sauceDemo.TestPackage.TC01_VerifyLoginFunctionality -->
      <class name="com.sauceDemo.TestPackage.TC03_VerifyAddAllPrdtsFunctionality">
        <test-method is-config="true" signature="openBrowserUrl(java.lang.String)[pri:0, instance:com.sauceDemo.TestPackage.TC03_VerifyAddAllPrdtsFunctionality@1d2adfbe]" started-at="2023-01-04T20:09:30 IST" name="openBrowserUrl" finished-at="2023-01-04T20:09:32 IST" duration-ms="1829" status="PASS">
          <params>
            <param index="0">
              <value>
                <![CDATA[chrome]]>
              </value>
            </param>
          </params>
          <reporter-output>
          </reporter-output>
        </test-method> <!-- openBrowserUrl -->
        <test-method signature="allPrdtsFunctionality()[pri:0, instance:com.sauceDemo.TestPackage.TC03_VerifyAddAllPrdtsFunctionality@1d2adfbe]" started-at="2023-01-04T20:09:32 IST" name="allPrdtsFunctionality" finished-at="2023-01-04T20:09:32 IST" duration-ms="264" status="PASS">
          <reporter-output>
          </reporter-output>
        </test-method> <!-- allPrdtsFunctionality -->
        <test-method is-config="true" signature="closeBrowser()[pri:0, instance:com.sauceDemo.TestPackage.TC03_VerifyAddAllPrdtsFunctionality@1d2adfbe]" started-at="2023-01-04T20:09:32 IST" name="closeBrowser" finished-at="2023-01-04T20:09:49 IST" duration-ms="16278" status="PASS">
          <reporter-output>
          </reporter-output>
        </test-method> <!-- closeBrowser -->
      </class> <!-- com.sauceDemo.TestPackage.TC03_VerifyAddAllPrdtsFunctionality -->
      <class name="com.sauceDemo.TestPackage.TC04_VerifyLogOutFunctionality">
        <test-method is-config="true" signature="openBrowserUrl(java.lang.String)[pri:0, instance:com.sauceDemo.TestPackage.TC04_VerifyLogOutFunctionality@36902638]" started-at="2023-01-04T20:09:49 IST" name="openBrowserUrl" finished-at="2023-01-04T20:09:52 IST" duration-ms="2981" status="PASS">
          <params>
            <param index="0">
              <value>
                <![CDATA[chrome]]>
              </value>
            </param>
          </params>
          <reporter-output>
          </reporter-output>
        </test-method> <!-- openBrowserUrl -->
        <test-method signature="verifyLogOutFunctionality()[pri:0, instance:com.sauceDemo.TestPackage.TC04_VerifyLogOutFunctionality@36902638]" started-at="2023-01-04T20:09:52 IST" name="verifyLogOutFunctionality" finished-at="2023-01-04T20:09:52 IST" duration-ms="87" status="FAIL">
          <exception class="org.openqa.selenium.ElementNotInteractableException">
            <message>
              <![CDATA[element not interactable
  (Session info: chrome=108.0.5359.125)
Build info: version: '4.4.0', revision: 'e5c75ed026a'
System info: host: 'SONIYA-MALEWAR', ip: '192.168.0.104', os.name: 'Windows 11', os.arch: 'amd64', os.version: '10.0', java.version: '18.0.2'
Driver info: org.openqa.selenium.chrome.ChromeDriver
Command: [5d5ea808b3a75e8fd0a411a9c1296bc8, clickElement {id=82c8e13d-fd0b-4bec-bfa3-8f5b4c47a73f}]
Capabilities {acceptInsecureCerts: false, browserName: chrome, browserVersion: 108.0.5359.125, chrome: {chromedriverVersion: 107.0.5304.62 (1eec40d3a576..., userDataDir: C:\Users\Lenovo\AppData\Loc...}, goog:chromeOptions: {debuggerAddress: localhost:60470}, networkConnectionEnabled: false, pageLoadStrategy: normal, platformName: WINDOWS, proxy: Proxy(), se:cdp: ws://localhost:60470/devtoo..., se:cdpVersion: 108.0.5359.125, setWindowRect: true, strictFileInteractability: false, timeouts: {implicit: 0, pageLoad: 300000, script: 30000}, unhandledPromptBehavior: dismiss and notify, webauthn:extension:credBlob: true, webauthn:extension:largeBlob: true, webauthn:virtualAuthenticators: true}
Element: [[ChromeDriver: chrome on WINDOWS (5d5ea808b3a75e8fd0a411a9c1296bc8)] -> xpath: //a[@id='logout_sidebar_link']]
Session ID: 5d5ea808b3a75e8fd0a411a9c1296bc8]]>
            </message>
            <full-stacktrace>
              <![CDATA[org.openqa.selenium.ElementNotInteractableException: element not interactable
  (Session info: chrome=108.0.5359.125)
Build info: version: '4.4.0', revision: 'e5c75ed026a'
System info: host: 'SONIYA-MALEWAR', ip: '192.168.0.104', os.name: 'Windows 11', os.arch: 'amd64', os.version: '10.0', java.version: '18.0.2'
Driver info: org.openqa.selenium.chrome.ChromeDriver
Command: [5d5ea808b3a75e8fd0a411a9c1296bc8, clickElement {id=82c8e13d-fd0b-4bec-bfa3-8f5b4c47a73f}]
Capabilities {acceptInsecureCerts: false, browserName: chrome, browserVersion: 108.0.5359.125, chrome: {chromedriverVersion: 107.0.5304.62 (1eec40d3a576..., userDataDir: C:\Users\Lenovo\AppData\Loc...}, goog:chromeOptions: {debuggerAddress: localhost:60470}, networkConnectionEnabled: false, pageLoadStrategy: normal, platformName: WINDOWS, proxy: Proxy(), se:cdp: ws://localhost:60470/devtoo..., se:cdpVersion: 108.0.5359.125, setWindowRect: true, strictFileInteractability: false, timeouts: {implicit: 0, pageLoad: 300000, script: 30000}, unhandledPromptBehavior: dismiss and notify, webauthn:extension:credBlob: true, webauthn:extension:largeBlob: true, webauthn:virtualAuthenticators: true}
Element: [[ChromeDriver: chrome on WINDOWS (5d5ea808b3a75e8fd0a411a9c1296bc8)] -> xpath: //a[@id='logout_sidebar_link']]
Session ID: 5d5ea808b3a75e8fd0a411a9c1296bc8
at java.base/jdk.internal.reflect.DirectConstructorHandleAccessor.newInstance(DirectConstructorHandleAccessor.java:67)
at java.base/java.lang.reflect.Constructor.newInstanceWithCaller(Constructor.java:499)
at java.base/java.lang.reflect.Constructor.newInstance(Constructor.java:483)
at org.openqa.selenium.remote.codec.w3c.W3CHttpResponseCodec.createException(W3CHttpResponseCodec.java:200)
at org.openqa.selenium.remote.codec.w3c.W3CHttpResponseCodec.decode(W3CHttpResponseCodec.java:133)
at org.openqa.selenium.remote.codec.w3c.W3CHttpResponseCodec.decode(W3CHttpResponseCodec.java:53)
at org.openqa.selenium.remote.HttpCommandExecutor.execute(HttpCommandExecutor.java:184)
at org.openqa.selenium.remote.service.DriverCommandExecutor.invokeExecute(DriverCommandExecutor.java:167)
at org.openqa.selenium.remote.service.DriverCommandExecutor.execute(DriverCommandExecutor.java:142)
at org.openqa.selenium.remote.RemoteWebDriver.execute(RemoteWebDriver.java:547)
at org.openqa.selenium.remote.RemoteWebElement.execute(RemoteWebElement.java:257)
at org.openqa.selenium.remote.RemoteWebElement.click(RemoteWebElement.java:78)
at java.base/jdk.internal.reflect.DirectMethodHandleAccessor.invoke(DirectMethodHandleAccessor.java:104)
at java.base/java.lang.reflect.Method.invoke(Method.java:577)
at org.openqa.selenium.support.pagefactory.internal.LocatingElementHandler.invoke(LocatingElementHandler.java:52)
at jdk.proxy2/jdk.proxy2.$Proxy18.click(Unknown Source)
at com.sauceDemo.POMPackage.POMClass_HomePage.clickLogoutBtn(POMClass_HomePage.java:52)
at com.sauceDemo.TestPackage.TC04_VerifyLogOutFunctionality.verifyLogOutFunctionality(TC04_VerifyLogOutFunctionality.java:19)
at java.base/jdk.internal.reflect.DirectMethodHandleAccessor.invoke(DirectMethodHandleAccessor.java:104)
at java.base/java.lang.reflect.Method.invoke(Method.java:577)
at org.testng.internal.MethodInvocationHelper.invokeMethod(MethodInvocationHelper.java:133)
at org.testng.internal.TestInvoker.invokeMethod(TestInvoker.java:598)
at org.testng.internal.TestInvoker.invokeTestMethod(TestInvoker.java:173)
at org.testng.internal.MethodRunner.runInSequence(MethodRunner.java:46)
at org.testng.internal.TestInvoker$MethodInvocationAgent.invoke(TestInvoker.java:824)
at org.testng.internal.TestInvoker.invokeTestMethods(TestInvoker.java:146)
at org.testng.internal.TestMethodWorker.invokeTestMethods(TestMethodWorker.java:146)
at org.testng.internal.TestMethodWorker.run(TestMethodWorker.java:128)
at java.base/java.util.ArrayList.forEach(ArrayList.java:1511)
at org.testng.TestRunner.privateRun(TestRunner.java:794)
at org.testng.TestRunner.run(TestRunner.java:596)
at org.testng.SuiteRunner.runTest(SuiteRunner.java:377)
at org.testng.SuiteRunner.runSequentially(SuiteRunner.java:371)
at org.testng.SuiteRunner.privateRun(SuiteRunner.java:332)
at org.testng.SuiteRunner.run(SuiteRunner.java:276)
at org.testng.SuiteRunnerWorker.runSuite(SuiteRunnerWorker.java:53)
at org.testng.SuiteRunnerWorker.run(SuiteRunnerWorker.java:96)
at org.testng.TestNG.runSuitesSequentially(TestNG.java:1212)
at org.testng.TestNG.runSuitesLocally(TestNG.java:1134)
at org.testng.TestNG.runSuites(TestNG.java:1063)
at org.testng.TestNG.run(TestNG.java:1031)
at org.testng.remote.AbstractRemoteTestNG.run(AbstractRemoteTestNG.java:115)
at org.testng.remote.RemoteTestNG.initAndRun(RemoteTestNG.java:251)
at org.testng.remote.RemoteTestNG.main(RemoteTestNG.java:77)
]]>
            </full-stacktrace>
          </exception> <!-- org.openqa.selenium.ElementNotInteractableException -->
          <reporter-output>
          </reporter-output>
        </test-method> <!-- verifyLogOutFunctionality -->
        <test-method is-config="true" signature="closeBrowser()[pri:0, instance:com.sauceDemo.TestPackage.TC04_VerifyLogOutFunctionality@36902638]" started-at="2023-01-04T20:09:52 IST" name="closeBrowser" finished-at="2023-01-04T20:10:08 IST" duration-ms="16244" status="PASS">
          <reporter-output>
          </reporter-output>
        </test-method> <!-- closeBrowser -->
      </class> <!-- com.sauceDemo.TestPackage.TC04_VerifyLogOutFunctionality -->
    </test> <!-- Test -->
  </suite> <!-- Suite -->
</testng-results>
